<?xml version="1.0" encoding="UTF-8"?>
<!-- Generated by org.testng.reporters.JUnitXMLReporter -->
<testsuite hostname="HYDPCM144977L" ignored="2" name="LoginTest" tests="4" failures="1" timestamp="26 Sep 2020 06:27:05 GMT" time="122.652" errors="0">
  <testcase name="InvalidLoginTest" time="11.956" classname="TestCases.InValid_HomePageTitle">
    <skipped/>
  </testcase> <!-- InvalidLoginTest -->
  <testcase name="InvalidLoginTest" time="3.595" classname="TestCases.InValid_HomePageTitle">
    <failure type="java.lang.AssertionError" message="expected [My Store -1] but found [My Store]">
      <![CDATA[java.lang.AssertionError: expected [My Store -1] but found [My Store]
at Pages.HomePage.verifyHomePageTitle(HomePage.java:50)
at TestCases.InValid_HomePageTitle.InvalidLoginTest(InValid_HomePageTitle.java:30)
... Removed 31 stack frames]]>
    </failure>
  </testcase> <!-- InvalidLoginTest -->
  <testcase name="validLoginTest" time="52.775" classname="TestCases.Valid_LoginTest"/>
  <testcase name="InvalidLoginTest" time="20.72" classname="TestCases.InValid_LoginTest"/>
  <testcase name="@BeforeSuite cleanAllureResults" time="0.0" classname="Base.BaseSetUp">
    <ignored/>
  </testcase> <!-- @BeforeSuite cleanAllureResults -->
  <testcase name="@BeforeSuite cleanAllureResults" time="0.0" classname="Base.BaseSetUp">
    <ignored/>
  </testcase> <!-- @BeforeSuite cleanAllureResults -->
</testsuite> <!-- LoginTest -->
