<?xml version="1.0" encoding="UTF-8"?>
<!-- Generated by org.testng.reporters.JUnitXMLReporter -->
<testsuite ignored="2" hostname="HYDPCM144977L" failures="1" tests="4" name="LoginTest" time="113.066" errors="0" timestamp="26 Sep 2020 11:59:54 GMT">
  <testcase classname="TestCases.InValid_HomePageTitle" name="InvalidLoginTest" time="12.484">
    <skipped/>
  </testcase> <!-- InvalidLoginTest -->
  <testcase classname="TestCases.InValid_HomePageTitle" name="InvalidLoginTest" time="3.083">
    <failure type="java.lang.AssertionError" message="expected [My Store -1] but found [My Store]">
      <![CDATA[java.lang.AssertionError: expected [My Store -1] but found [My Store]
at Pages.HomePage.verifyHomePageTitle(HomePage.java:50)
at TestCases.InValid_HomePageTitle.InvalidLoginTest(InValid_HomePageTitle.java:30)
... Removed 34 stack frames]]>
    </failure>
  </testcase> <!-- InvalidLoginTest -->
  <testcase classname="TestCases.Valid_LoginTest" name="validLoginTest" time="52.765"/>
  <testcase classname="TestCases.InValid_LoginTest" name="InvalidLoginTest" time="16.972"/>
  <testcase classname="Base.BaseSetUp" name="@BeforeSuite cleanAllureResults" time="0.0">
    <ignored/>
  </testcase> <!-- @BeforeSuite cleanAllureResults -->
  <testcase classname="Base.BaseSetUp" name="@BeforeSuite cleanAllureResults" time="0.0">
    <ignored/>
  </testcase> <!-- @BeforeSuite cleanAllureResults -->
</testsuite> <!-- LoginTest -->
