<?xml version="1.0" encoding="UTF-8"?>
<testsuite xmlns:xsi="http://www.w3.org/2001/XMLSchema-instance" xsi:noNamespaceSchemaLocation="https://maven.apache.org/surefire/maven-surefire-plugin/xsd/surefire-test-report.xsd" name="TestSuite" time="119.927" tests="4" errors="0" skipped="1" failures="1">
  <properties>
    <property name="sun.desktop" value="windows"/>
    <property name="awt.toolkit" value="sun.awt.windows.WToolkit"/>
    <property name="java.specification.version" value="11"/>
    <property name="sun.cpu.isalist" value="amd64"/>
    <property name="sun.jnu.encoding" value="Cp1252"/>
    <property name="java.class.path" value="C:\ApacheMaven_3.5.2\bin\..\boot\plexus-classworlds-2.5.2.jar"/>
    <property name="java.vm.vendor" value="Oracle Corporation"/>
    <property name="sun.arch.data.model" value="64"/>
    <property name="user.variant" value=""/>
    <property name="java.vendor.url" value="http://java.oracle.com/"/>
    <property name="user.timezone" value="Asia/Calcutta"/>
    <property name="maven.conf" value="C:\ApacheMaven_3.5.2\bin\../conf"/>
    <property name="os.name" value="Windows 10"/>
    <property name="java.vm.specification.version" value="11"/>
    <property name="sun.java.launcher" value="SUN_STANDARD"/>
    <property name="user.country" value="US"/>
    <property name="sun.boot.library.path" value="C:\Program Files\Java\jdk-11.0.1\bin"/>
    <property name="sun.java.command" value="org.codehaus.plexus.classworlds.launcher.Launcher test"/>
    <property name="jdk.debug" value="release"/>
    <property name="maven.home" value="C:\ApacheMaven_3.5.2\bin\.."/>
    <property name="sun.cpu.endian" value="little"/>
    <property name="user.home" value="C:\Users\ravi.kuchharlapati"/>
    <property name="user.language" value="en"/>
    <property name="sun.stderr.encoding" value="cp437"/>
    <property name="java.specification.vendor" value="Oracle Corporation"/>
    <property name="java.version.date" value="2018-10-16"/>
    <property name="java.home" value="C:\Program Files\Java\jdk-11.0.1"/>
    <property name="file.separator" value="\"/>
    <property name="java.vm.compressedOopsMode" value="32-bit"/>
    <property name="line.separator" value="&#10;"/>
    <property name="sun.stdout.encoding" value="cp437"/>
    <property name="java.specification.name" value="Java Platform API Specification"/>
    <property name="java.vm.specification.vendor" value="Oracle Corporation"/>
    <property name="java.awt.graphicsenv" value="sun.awt.Win32GraphicsEnvironment"/>
    <property name="user.script" value=""/>
    <property name="sun.management.compiler" value="HotSpot 64-Bit Tiered Compilers"/>
    <property name="java.runtime.version" value="11.0.1+13"/>
    <property name="user.name" value="ravi.kuchharlapati"/>
    <property name="path.separator" value=";"/>
    <property name="os.version" value="10.0"/>
    <property name="java.runtime.name" value="OpenJDK Runtime Environment"/>
    <property name="file.encoding" value="Cp1252"/>
    <property name="guice.disable.misplaced.annotation.check" value="true"/>
    <property name="java.vm.name" value="OpenJDK 64-Bit Server VM"/>
    <property name="java.vendor.version" value="18.9"/>
    <property name="java.vendor.url.bug" value="http://bugreport.java.com/bugreport/"/>
    <property name="java.io.tmpdir" value="C:\Users\ravi.kuchharlapati\AppData\Local\Temp\"/>
    <property name="java.version" value="11.0.1"/>
    <property name="user.dir" value="C:\RaviJAVAProjects\TestNGAllureReport"/>
    <property name="os.arch" value="amd64"/>
    <property name="maven.multiModuleProjectDirectory" value="C:\RaviJAVAProjects\TestNGAllureReport"/>
    <property name="java.vm.specification.name" value="Java Virtual Machine Specification"/>
    <property name="java.awt.printerjob" value="sun.awt.windows.WPrinterJob"/>
    <property name="sun.os.patch.level" value=""/>
    <property name="java.library.path" value="C:\Program Files\Java\jdk-11.0.1\bin;C:\windows\Sun\Java\bin;C:\windows\system32;C:\windows;C:\ProgramData\Anaconda3;C:\ProgramData\Anaconda3\Library\mingw-w64\bin;C:\ProgramData\Anaconda3\Library\usr\bin;C:\ProgramData\Anaconda3\Library\bin;C:\ProgramData\Anaconda3\Scripts;C:\Program Files\AdoptOpenJDK\jdk-8.0.202.08\bin;C:\Program Files\AdoptOpenJDK\jre-8.0.202.08\bin;C:\windows\system32;C:\windows;C:\windows\System32\Wbem;C:\windows\System32\WindowsPowerShell\v1.0\;C:\windows\System32\OpenSSH\;C:\Program Files\nodejs\;C:\Program Files\dotnet\;C:\Program Files (x86)\Microsoft SQL Server\150\DTS\Binn\;C:\Program Files (x86)\dotnet\;C:\Program Files\Zulu\zulu-11\bin\;C:\Program Files\Zulu\zulu-11-jre\bin\;C:\Program Files\Git\cmd;C:\Program Files (x86)\Sennheiser\SenncomSDK\;C:\Users\ravi.kuchharlapati\AppData\Roaming\npm;C:\ApacheMaven_3.5.2\bin;;."/>
    <property name="java.vendor" value="Oracle Corporation"/>
    <property name="java.vm.info" value="mixed mode"/>
    <property name="java.vm.version" value="11.0.1+13"/>
    <property name="classworlds.conf" value="C:\ApacheMaven_3.5.2\bin\..\bin\m2.conf"/>
    <property name="sun.io.unicode.encoding" value="UnicodeLittle"/>
    <property name="library.jansi.path" value="C:\ApacheMaven_3.5.2\bin\..\lib\jansi-native"/>
    <property name="java.class.version" value="55.0"/>
  </properties>
  <testcase name="InvalidLoginTest" classname="TestCases.InValid_HomePageTitle" time="0">
    <skipped message="expected [My Store -1] but found [My Store]"/>
    <system-out><![CDATA[Files in [allure-results] folder deleted successfully
Chrome Driver Path : C:\RaviJAVAProjects\DRIVERCollection\chromedriver85.0.4183.87.exe
2020-09-26 17:27:59 INFO  Log:26 - Chrome Driver Path : C:\RaviJAVAProjects\DRIVERCollection\chromedriver85.0.4183.87.exe
2020-09-26 17:28:07 INFO  Log:26 - InvalidLoginTest test is starting.
2020-09-26 17:28:08 INFO  Log:26 - InvalidLoginTest test is starting.
2020-09-26 17:28:08 INFO  Log:52 - Message: Open My Store Application - Base URL : http://automationpractice.com/index.php
2020-09-26 17:28:20 INFO  Log:52 - Message: Verify Home page Title [My Store -1] - Fail
]]></system-out>
    <system-err><![CDATA[SLF4J: Failed to load class "org.slf4j.impl.StaticLoggerBinder".
SLF4J: Defaulting to no-operation (NOP) logger implementation
SLF4J: See http://www.slf4j.org/codes.html#StaticLoggerBinder for further details.
Starting ChromeDriver 85.0.4183.87 (cd6713ebf92fa1cacc0f1a598df280093af0c5d7-refs/branch-heads/4183@{#1689}) on port 9447
Only local connections are allowed.
Please see https://chromedriver.chromium.org/security-considerations for suggestions on keeping ChromeDriver safe.
ChromeDriver was started successfully.
[1601121483.192][WARNING]: Deprecated chrome option is ignored: useAutomationExtension
[1601121483.192][WARNING]: Deprecated chrome option is ignored: useAutomationExtension
Sep 26, 2020 5:28:06 PM org.openqa.selenium.remote.ProtocolHandshake createSession
INFO: Detected dialect: W3C
]]></system-err>
  </testcase>
  <testcase name="InvalidLoginTest" classname="TestCases.InValid_HomePageTitle" time="6.251">
    <failure message="expected [My Store -1] but found [My Store]" type="java.lang.AssertionError">java.lang.AssertionError: expected [My Store -1] but found [My Store]
	at TestCases.InValid_HomePageTitle.InvalidLoginTest(InValid_HomePageTitle.java:30)
</failure>
    <system-out><![CDATA[2020-09-26 17:28:21 INFO  Log:26 - InvalidLoginTest test is starting.
2020-09-26 17:28:21 INFO  Log:26 - InvalidLoginTest test is starting.
2020-09-26 17:28:21 INFO  Log:52 - Message: Open My Store Application - Base URL : http://automationpractice.com/index.php
2020-09-26 17:28:24 INFO  Log:52 - Message: Verify Home page Title [My Store -1] - Fail
Screenshot captured for test case:InvalidLoginTest
Screenshot captured for test case:InvalidLoginTest
]]></system-out>
  </testcase>
  <testcase name="validLoginTest" classname="TestCases.Valid_LoginTest" time="52.778"/>
  <testcase name="InvalidLoginTest" classname="TestCases.InValid_LoginTest" time="16.953"/>
</testsuite>