<?xml version="1.0" encoding="UTF-8"?>
<testng-results skipped="1" failed="1" ignored="2" total="6" passed="2">
  <reporter-output>
    <line>
      <![CDATA[Open My Store Application - Base URL : http://automationpractice.com/index.php]]>
    </line>
    <line>
      <![CDATA[Verify Home page Title [My Store -1] - Fail]]>
    </line>
    <line>
      <![CDATA[Open My Store Application - Base URL : http://automationpractice.com/index.php]]>
    </line>
    <line>
      <![CDATA[Verify Home page Title [My Store -1] - Fail]]>
    </line>
    <line>
      <![CDATA[Open My Store Application - Base URL : http://automationpractice.com/index.php]]>
    </line>
    <line>
      <![CDATA[Go to Login Page]]>
    </line>
    <line>
      <![CDATA[Login success with username [hotcoolden@gmail.com] & password [tanuja] ]]>
    </line>
    <line>
      <![CDATA[Verify My Account page Title [My account - My Store]]]>
    </line>
    <line>
      <![CDATA[Verify logout page Title [Login - My Store] - Success]]>
    </line>
    <line>
      <![CDATA[Open My Store Application - Base URL : http://automationpractice.com/index.php]]>
    </line>
    <line>
      <![CDATA[Go to Login Page]]>
    </line>
    <line>
      <![CDATA[Login failed [Authentication failed.] with username [hotcoolden@gmail.com] & password [afsdfdfsd] ]]>
    </line>
  </reporter-output>
  <suite name="MyStore Test Suite" duration-ms="122652" started-at="2020-09-26T06:25:01Z" finished-at="2020-09-26T06:27:04Z">
    <groups>
    </groups>
    <test name="LoginTest" duration-ms="122652" started-at="2020-09-26T06:25:01Z" finished-at="2020-09-26T06:27:04Z">
      <class name="TestCases.InValid_LoginTest">
        <test-method status="PASS" signature="BrowserSetup()[pri:0, instance:TestCases.InValid_LoginTest@529540ff]" name="BrowserSetup" is-config="true" duration-ms="5109" started-at="2020-09-26T06:26:37Z" finished-at="2020-09-26T06:26:42Z">
          <reporter-output>
          </reporter-output>
        </test-method> <!-- BrowserSetup -->
        <test-method status="PASS" signature="methodLevelSetup()[pri:0, instance:TestCases.InValid_LoginTest@529540ff]" name="methodLevelSetup" is-config="true" duration-ms="1" started-at="2020-09-26T06:26:42Z" finished-at="2020-09-26T06:26:42Z">
          <reporter-output>
          </reporter-output>
        </test-method> <!-- methodLevelSetup -->
        <test-method status="PASS" signature="InvalidLoginTest()[pri:0, instance:TestCases.InValid_LoginTest@529540ff]" name="InvalidLoginTest" duration-ms="20720" started-at="2020-09-26T06:26:42Z" description="InValid Login Test" finished-at="2020-09-26T06:27:02Z">
          <reporter-output>
            <line>
              <![CDATA[Open My Store Application - Base URL : http://automationpractice.com/index.php]]>
            </line>
            <line>
              <![CDATA[Go to Login Page]]>
            </line>
            <line>
              <![CDATA[Login failed [Authentication failed.] with username [hotcoolden@gmail.com] & password [afsdfdfsd] ]]>
            </line>
          </reporter-output>
        </test-method> <!-- InvalidLoginTest -->
        <test-method status="PASS" signature="teardown()[pri:0, instance:TestCases.InValid_LoginTest@529540ff]" name="teardown" is-config="true" duration-ms="1052" started-at="2020-09-26T06:27:02Z" finished-at="2020-09-26T06:27:04Z">
          <reporter-output>
          </reporter-output>
        </test-method> <!-- teardown -->
      </class> <!-- TestCases.InValid_LoginTest -->
      <class name="TestCases.Valid_LoginTest">
        <test-method status="PASS" signature="BrowserSetup()[pri:0, instance:TestCases.Valid_LoginTest@65c0dd3d]" name="BrowserSetup" is-config="true" duration-ms="5326" started-at="2020-09-26T06:25:37Z" finished-at="2020-09-26T06:25:43Z">
          <reporter-output>
          </reporter-output>
        </test-method> <!-- BrowserSetup -->
        <test-method status="PASS" signature="methodLevelSetup()[pri:0, instance:TestCases.Valid_LoginTest@65c0dd3d]" name="methodLevelSetup" is-config="true" duration-ms="1" started-at="2020-09-26T06:25:43Z" finished-at="2020-09-26T06:25:43Z">
          <reporter-output>
          </reporter-output>
        </test-method> <!-- methodLevelSetup -->
        <test-method status="PASS" signature="validLoginTest()[pri:0, instance:TestCases.Valid_LoginTest@65c0dd3d]" name="validLoginTest" duration-ms="52775" started-at="2020-09-26T06:25:43Z" description="Valid Login Test" finished-at="2020-09-26T06:26:36Z">
          <reporter-output>
            <line>
              <![CDATA[Open My Store Application - Base URL : http://automationpractice.com/index.php]]>
            </line>
            <line>
              <![CDATA[Go to Login Page]]>
            </line>
            <line>
              <![CDATA[Login success with username [hotcoolden@gmail.com] & password [tanuja] ]]>
            </line>
            <line>
              <![CDATA[Verify My Account page Title [My account - My Store]]]>
            </line>
            <line>
              <![CDATA[Verify logout page Title [Login - My Store] - Success]]>
            </line>
          </reporter-output>
        </test-method> <!-- validLoginTest -->
        <test-method status="PASS" signature="teardown()[pri:0, instance:TestCases.Valid_LoginTest@65c0dd3d]" name="teardown" is-config="true" duration-ms="1046" started-at="2020-09-26T06:26:36Z" finished-at="2020-09-26T06:26:37Z">
          <reporter-output>
          </reporter-output>
        </test-method> <!-- teardown -->
      </class> <!-- TestCases.Valid_LoginTest -->
      <class name="TestCases.InValid_HomePageTitle">
        <test-method status="PASS" signature="cleanAllureResults()[pri:0, instance:TestCases.InValid_HomePageTitle@59186960]" name="cleanAllureResults" is-config="true" duration-ms="83" started-at="2020-09-26T06:25:01Z" finished-at="2020-09-26T06:25:01Z">
          <reporter-output>
          </reporter-output>
        </test-method> <!-- cleanAllureResults -->
        <test-method status="PASS" signature="BrowserSetup()[pri:0, instance:TestCases.InValid_HomePageTitle@59186960]" name="BrowserSetup" is-config="true" duration-ms="7896" started-at="2020-09-26T06:25:01Z" finished-at="2020-09-26T06:25:09Z">
          <reporter-output>
          </reporter-output>
        </test-method> <!-- BrowserSetup -->
        <test-method status="PASS" signature="methodLevelSetup()[pri:0, instance:TestCases.InValid_HomePageTitle@59186960]" name="methodLevelSetup" is-config="true" duration-ms="416" started-at="2020-09-26T06:25:09Z" finished-at="2020-09-26T06:25:09Z">
          <reporter-output>
          </reporter-output>
        </test-method> <!-- methodLevelSetup -->
        <test-method status="SKIP" signature="InvalidLoginTest()[pri:0, instance:TestCases.InValid_HomePageTitle@59186960]" name="InvalidLoginTest" duration-ms="11956" started-at="2020-09-26T06:25:10Z" description="InValid Login Test" finished-at="2020-09-26T06:25:22Z">
          <exception class="java.lang.AssertionError">
            <message>
              <![CDATA[expected [My Store -1] but found [My Store]]]>
            </message>
            <full-stacktrace>
              <![CDATA[java.lang.AssertionError: expected [My Store -1] but found [My Store]
at org.testng.Assert.fail(Assert.java:96)
at org.testng.Assert.failNotEquals(Assert.java:776)
at org.testng.Assert.assertEqualsImpl(Assert.java:137)
at org.testng.Assert.assertEquals(Assert.java:118)
at org.testng.Assert.assertEquals(Assert.java:453)
at org.testng.Assert.assertEquals(Assert.java:463)
at Pages.HomePage.verifyHomePageTitle(HomePage.java:50)
at TestCases.InValid_HomePageTitle.InvalidLoginTest(InValid_HomePageTitle.java:30)
at sun.reflect.NativeMethodAccessorImpl.invoke0(Native Method)
at sun.reflect.NativeMethodAccessorImpl.invoke(NativeMethodAccessorImpl.java:62)
at sun.reflect.DelegatingMethodAccessorImpl.invoke(DelegatingMethodAccessorImpl.java:43)
at java.lang.reflect.Method.invoke(Method.java:498)
at org.testng.internal.MethodInvocationHelper.invokeMethod(MethodInvocationHelper.java:124)
at org.testng.internal.Invoker.invokeMethod(Invoker.java:583)
at org.testng.internal.Invoker.invokeTestMethod(Invoker.java:719)
at org.testng.internal.Invoker.invokeTestMethods(Invoker.java:989)
at org.testng.internal.TestMethodWorker.invokeTestMethods(TestMethodWorker.java:125)
at org.testng.internal.TestMethodWorker.run(TestMethodWorker.java:109)
at org.testng.TestRunner.privateRun(TestRunner.java:648)
at org.testng.TestRunner.run(TestRunner.java:505)
at org.testng.SuiteRunner.runTest(SuiteRunner.java:455)
at org.testng.SuiteRunner.runSequentially(SuiteRunner.java:450)
at org.testng.SuiteRunner.privateRun(SuiteRunner.java:415)
at org.testng.SuiteRunner.run(SuiteRunner.java:364)
at org.testng.SuiteRunnerWorker.runSuite(SuiteRunnerWorker.java:52)
at org.testng.SuiteRunnerWorker.run(SuiteRunnerWorker.java:84)
at org.testng.TestNG.runSuitesSequentially(TestNG.java:1208)
at org.testng.TestNG.runSuitesLocally(TestNG.java:1137)
at org.testng.TestNG.runSuites(TestNG.java:1049)
at org.testng.TestNG.run(TestNG.java:1017)
at org.testng.remote.AbstractRemoteTestNG.run(AbstractRemoteTestNG.java:115)
at org.testng.remote.RemoteTestNG.initAndRun(RemoteTestNG.java:251)
at org.testng.remote.RemoteTestNG.main(RemoteTestNG.java:77)
]]>
            </full-stacktrace>
          </exception> <!-- java.lang.AssertionError -->
          <reporter-output>
            <line>
              <![CDATA[Open My Store Application - Base URL : http://automationpractice.com/index.php]]>
            </line>
            <line>
              <![CDATA[Verify Home page Title [My Store -1] - Fail]]>
            </line>
          </reporter-output>
        </test-method> <!-- InvalidLoginTest -->
        <test-method status="PASS" signature="methodLevelSetup()[pri:0, instance:TestCases.InValid_HomePageTitle@59186960]" name="methodLevelSetup" is-config="true" duration-ms="1" started-at="2020-09-26T06:25:23Z" finished-at="2020-09-26T06:25:23Z">
          <reporter-output>
          </reporter-output>
        </test-method> <!-- methodLevelSetup -->
        <test-method status="FAIL" signature="InvalidLoginTest()[pri:0, instance:TestCases.InValid_HomePageTitle@59186960]" name="InvalidLoginTest" duration-ms="3595" started-at="2020-09-26T06:25:23Z" description="InValid Login Test" finished-at="2020-09-26T06:25:27Z">
          <exception class="java.lang.AssertionError">
            <message>
              <![CDATA[expected [My Store -1] but found [My Store]]]>
            </message>
            <full-stacktrace>
              <![CDATA[java.lang.AssertionError: expected [My Store -1] but found [My Store]
at org.testng.Assert.fail(Assert.java:96)
at org.testng.Assert.failNotEquals(Assert.java:776)
at org.testng.Assert.assertEqualsImpl(Assert.java:137)
at org.testng.Assert.assertEquals(Assert.java:118)
at org.testng.Assert.assertEquals(Assert.java:453)
at org.testng.Assert.assertEquals(Assert.java:463)
at Pages.HomePage.verifyHomePageTitle(HomePage.java:50)
at TestCases.InValid_HomePageTitle.InvalidLoginTest(InValid_HomePageTitle.java:30)
at sun.reflect.NativeMethodAccessorImpl.invoke0(Native Method)
at sun.reflect.NativeMethodAccessorImpl.invoke(NativeMethodAccessorImpl.java:62)
at sun.reflect.DelegatingMethodAccessorImpl.invoke(DelegatingMethodAccessorImpl.java:43)
at java.lang.reflect.Method.invoke(Method.java:498)
at org.testng.internal.MethodInvocationHelper.invokeMethod(MethodInvocationHelper.java:124)
at org.testng.internal.Invoker.invokeMethod(Invoker.java:583)
at org.testng.internal.Invoker.retryFailed(Invoker.java:839)
at org.testng.internal.Invoker.invokeTestMethods(Invoker.java:1010)
at org.testng.internal.TestMethodWorker.invokeTestMethods(TestMethodWorker.java:125)
at org.testng.internal.TestMethodWorker.run(TestMethodWorker.java:109)
at org.testng.TestRunner.privateRun(TestRunner.java:648)
at org.testng.TestRunner.run(TestRunner.java:505)
at org.testng.SuiteRunner.runTest(SuiteRunner.java:455)
at org.testng.SuiteRunner.runSequentially(SuiteRunner.java:450)
at org.testng.SuiteRunner.privateRun(SuiteRunner.java:415)
at org.testng.SuiteRunner.run(SuiteRunner.java:364)
at org.testng.SuiteRunnerWorker.runSuite(SuiteRunnerWorker.java:52)
at org.testng.SuiteRunnerWorker.run(SuiteRunnerWorker.java:84)
at org.testng.TestNG.runSuitesSequentially(TestNG.java:1208)
at org.testng.TestNG.runSuitesLocally(TestNG.java:1137)
at org.testng.TestNG.runSuites(TestNG.java:1049)
at org.testng.TestNG.run(TestNG.java:1017)
at org.testng.remote.AbstractRemoteTestNG.run(AbstractRemoteTestNG.java:115)
at org.testng.remote.RemoteTestNG.initAndRun(RemoteTestNG.java:251)
at org.testng.remote.RemoteTestNG.main(RemoteTestNG.java:77)
]]>
            </full-stacktrace>
          </exception> <!-- java.lang.AssertionError -->
          <reporter-output>
            <line>
              <![CDATA[Open My Store Application - Base URL : http://automationpractice.com/index.php]]>
            </line>
            <line>
              <![CDATA[Verify Home page Title [My Store -1] - Fail]]>
            </line>
          </reporter-output>
        </test-method> <!-- InvalidLoginTest -->
        <test-method status="PASS" signature="teardown()[pri:0, instance:TestCases.InValid_HomePageTitle@59186960]" name="teardown" is-config="true" duration-ms="2082" started-at="2020-09-26T06:25:35Z" finished-at="2020-09-26T06:25:37Z">
          <reporter-output>
          </reporter-output>
        </test-method> <!-- teardown -->
      </class> <!-- TestCases.InValid_HomePageTitle -->
    </test> <!-- LoginTest -->
  </suite> <!-- MyStore Test Suite -->
</testng-results>
